<?xml version="1.0" encoding="UTF-8" ?>
<testsuites>
  <testsuite errors="1" failures="0" hostname="MacBook-Pro.local" id="0" name="AllTests" package="net.sf.freecol" skipped="0" tests="1" time="0.0" timestamp="2017-05-16T05:53:18">
      <properties>
[...]
</properties>

      <testcase classname="net.sf.freecol.AllTests" name="testSimpleMove" time="0.0">
          <error message="Forked Java VM exited abnormally. Please note the time in the report does not reflect the time until the VM exit." type="junit.framework.AssertionFailedError">junit.framework.AssertionFailedError: Forked Java VM exited abnormally. Please note the time in the report does not reflect the time until the VM exit.
	at org.eclipse.ant.internal.launching.remote.EclipseDefaultExecutor.executeTargets(EclipseDefaultExecutor.java:36)
	at org.eclipse.ant.internal.launching.remote.InternalAntRunner.run(InternalAntRunner.java:456)
	at org.eclipse.ant.internal.launching.remote.InternalAntRunner.main(InternalAntRunner.java:140)
</error>

      </testcase>

  </testsuite>
</testsuites>
